<?xml version="1.0" encoding="UTF-8"?>
<!-- Generated by org.testng.reporters.JUnitXMLReporter -->
<testsuite ignored="0" hostname="LAPTOP-FUN2M76R" failures="0" tests="7" name="Default test" time="23.498" errors="0" timestamp="2025-02-20T08:49:11 IST">
  <testcase classname="test.Browser_Windows_Test" name="clickAtClose" time="0.553"/>
  <testcase classname="test.Browser_Windows_Test" name="clickAtPractice" time="2.13"/>
  <testcase classname="test.Browser_Windows_Test" name="clickAtAlertFrameWindow" time="5.25"/>
  <testcase classname="test.Browser_Windows_Test" name="clickAtBrowserWindow" time="0.387"/>
  <testcase classname="test.Browser_Windows_Test" name="clickAtNewTab" time="0.417"/>
  <testcase classname="test.Browser_Windows_Test" name="clickAtNewWindow" time="2.203"/>
  <testcase classname="test.Browser_Windows_Test" name="clickAtNewWindowMassage" time="1.501"/>
</testsuite> <!-- Default test -->
