<?xml version="1.0" encoding="UTF-8"?>
<!-- Generated by org.testng.reporters.JUnitXMLReporter -->
<testsuite ignored="0" hostname="LAPTOP-FUN2M76R" failures="0" tests="5" name="Default test" time="11.321" errors="0" timestamp="2025-01-30T17:26:19 IST">
  <testcase classname="test.UploadDownloadTest" name="clickAtClose" time="0.349"/>
  <testcase classname="test.UploadDownloadTest" name="clickAtPractice" time="2.095"/>
  <testcase classname="test.UploadDownloadTest" name="clickAtElement" time="0.168"/>
  <testcase classname="test.UploadDownloadTest" name="clickAtUploadDownload" time="0.762"/>
  <testcase classname="test.UploadDownloadTest" name="clickAtUpload" time="0.23"/>
</testsuite> <!-- Default test -->
