<?xml version="1.0" encoding="UTF-8"?>
<!-- Generated by org.testng.reporters.JUnitXMLReporter -->
<testsuite ignored="1" hostname="LAPTOP-FUN2M76R" failures="0" tests="6" name="Accordian_Test" time="15.848" errors="0" timestamp="2025-03-04T08:49:26 IST">
  <testcase classname="test.Accordian_Test" name="clickAtClose" time="0.406"/>
  <testcase classname="test.Accordian_Test" name="clickAtPractice" time="2.182"/>
  <testcase classname="test.Accordian_Test" name="clickAtWidget" time="0.153"/>
  <testcase classname="test.Accordian_Test" name="clickAtAccordian" time="0.207"/>
  <testcase classname="test.Accordian_Test" name="clickAtParagraph1" time="3.408"/>
  <testcase classname="test.Accordian_Test" name="clickAtPragraph2" time="0.306"/>
  <testcase classname="test.Accordian_Test" name="clickAtPragraph3" time="0.0">
    <ignored/>
  </testcase> <!-- clickAtPragraph3 -->
</testsuite> <!-- Accordian_Test -->
