<?xml version="1.0" encoding="UTF-8"?>
<!-- Generated by org.testng.reporters.JUnitXMLReporter -->
<testsuite ignored="0" hostname="LAPTOP-FUN2M76R" failures="0" tests="8" name="Alerts_Test" time="27.805" errors="0" timestamp="2025-02-20T12:40:36 IST">
  <testcase classname="test.Alerts_Test" name="clickAtClose" time="0.339"/>
  <testcase classname="test.Alerts_Test" name="clickAtPractice" time="2.075"/>
  <testcase classname="test.Alerts_Test" name="clickAtAlertFrameWindow" time="2.228"/>
  <testcase classname="test.Alerts_Test" name="clickAtAlerts" time="0.382"/>
  <testcase classname="test.Alerts_Test" name="clickAtMyalerts" time="0.368"/>
  <testcase classname="test.Alerts_Test" name="clickAtAlerts5sec" time="6.374"/>
  <testcase classname="test.Alerts_Test" name="clickAtMyconfirmAlerts" time="3.308"/>
  <testcase classname="test.Alerts_Test" name="clickAtMypromptsalerts" time="0.421"/>
</testsuite> <!-- Alerts_Test -->
