<?xml version="1.0" encoding="UTF-8"?>
<!-- Generated by org.testng.reporters.JUnitXMLReporter -->
<testsuite ignored="0" hostname="LAPTOP-FUN2M76R" failures="0" tests="5" name="AutocompleteTest" time="18.592" errors="0" timestamp="2025-03-04T17:12:49 IST">
  <testcase classname="test.AutocompleteTest" name="clickAtClose" time="0.31"/>
  <testcase classname="test.AutocompleteTest" name="clickAtPractice" time="2.338"/>
  <testcase classname="test.AutocompleteTest" name="clickAtWidget" time="0.242"/>
  <testcase classname="test.AutocompleteTest" name="clickAtAutocomplete" time="0.413"/>
  <testcase classname="test.AutocompleteTest" name="clickAtTextBar" time="0.818"/>
</testsuite> <!-- AutocompleteTest -->
