<?xml version="1.0" encoding="UTF-8"?>
<!-- Generated by org.testng.reporters.JUnitXMLReporter -->
<testsuite ignored="0" hostname="LAPTOP-FUN2M76R" failures="0" tests="5" name="BrokenLinks_Test" time="70.892" errors="0" timestamp="2025-02-10T00:08:45 IST">
  <testcase classname="test.BrokenLinks_Test" name="clickAtclose" time="0.292"/>
  <testcase classname="test.BrokenLinks_Test" name="clickAtPractice" time="2.143"/>
  <testcase classname="test.BrokenLinks_Test" name="clickAtElement" time="0.217"/>
  <testcase classname="test.BrokenLinks_Test" name="clickAtLinks" time="0.758"/>
  <testcase classname="test.BrokenLinks_Test" name="clickAtVerify" time="46.926"/>
</testsuite> <!-- BrokenLinks_Test -->
