<?xml version="1.0" encoding="UTF-8"?>
<!-- Generated by org.testng.reporters.JUnitXMLReporter -->
<testsuite ignored="1" hostname="LAPTOP-FUN2M76R" failures="1" tests="8" name="BrokenLinks_Test" time="45.847" errors="0" timestamp="2025-02-18T14:49:30 IST">
  <testcase classname="test.BrokenLinks_Test" name="clickAtclose" time="1.518"/>
  <testcase classname="test.BrokenLinks_Test" name="clickAtPractice" time="4.328"/>
  <testcase classname="test.BrokenLinks_Test" name="clickAtElement" time="0.323"/>
  <testcase classname="test.BrokenLinks_Test" name="clickAtLinks" time="0.408"/>
  <testcase classname="test.BrokenLinks_Test" name="clickAtDemo" time="10.387"/>
  <testcase classname="test.BrokenLinks_Test" name="clickAtcreat" time="0.483"/>
  <testcase classname="test.BrokenLinks_Test" name="clickAtNoContent" time="1.009"/>
  <testcase classname="test.BrokenLinks_Test" name="clickAtMoved" time="2.37">
    <failure type="java.lang.AssertionError" message="expected [false] but found [true]">
      <![CDATA[java.lang.AssertionError: expected [false] but found [true]
at pages.BrokenLinks_Page.clickOnMoved(BrokenLinks_Page.java:137)
at test.BrokenLinks_Test.clickAtMoved(BrokenLinks_Test.java:65)
at java.base/java.util.ArrayList.forEach(ArrayList.java:1511)
... Removed 31 stack frames]]>
    </failure>
  </testcase> <!-- clickAtMoved -->
  <testcase classname="test.BrokenLinks_Test" name="clickAtveryfyLink" time="0.0">
    <ignored/>
  </testcase> <!-- clickAtveryfyLink -->
</testsuite> <!-- BrokenLinks_Test -->
