<?xml version="1.0" encoding="UTF-8"?>
<!-- Generated by org.testng.reporters.JUnitXMLReporter -->
<testsuite ignored="0" hostname="LAPTOP-FUN2M76R" failures="0" tests="5" name="BrokenImage_Test" time="28.199" errors="0" timestamp="2025-02-09T23:39:55 IST">
  <testcase classname="test.BrokenImage_Test" name="clickAtclose" time="0.627"/>
  <testcase classname="test.BrokenImage_Test" name="clickAtPractice" time="3.121"/>
  <testcase classname="test.BrokenImage_Test" name="clickAtElement" time="0.377"/>
  <testcase classname="test.BrokenImage_Test" name="clickAtBrokenImage" time="0.471"/>
  <testcase classname="test.BrokenImage_Test" name="clickAtVerify" time="4.748"/>
</testsuite> <!-- BrokenImage_Test -->
