<?xml version="1.0" encoding="UTF-8"?>
<!-- Generated by org.testng.reporters.JUnitXMLReporter -->
<testsuite ignored="0" hostname="LAPTOP-FUN2M76R" failures="0" tests="5" name="BrokenImage_Test" time="16.529" errors="0" timestamp="2025-02-12T22:45:53 IST">
  <testcase classname="test.BrokenImage_Test" name="clickAtclose" time="0.464"/>
  <testcase classname="test.BrokenImage_Test" name="clickAtPractice" time="2.171"/>
  <testcase classname="test.BrokenImage_Test" name="clickAtElement" time="0.284"/>
  <testcase classname="test.BrokenImage_Test" name="clickAtBrokenImage" time="0.432"/>
  <testcase classname="test.BrokenImage_Test" name="clickAtVerify" time="3.362"/>
</testsuite> <!-- BrokenImage_Test -->
