<?xml version="1.0" encoding="UTF-8"?>
<!-- Generated by org.testng.reporters.JUnitXMLReporter -->
<testsuite ignored="0" hostname="LAPTOP-FUN2M76R" failures="0" tests="7" name="Browser_Windows_Test" time="36.94" errors="0" timestamp="2025-02-20T13:02:48 IST">
  <testcase classname="test.Browser_Windows_Test" name="clickAtClose" time="0.381"/>
  <testcase classname="test.Browser_Windows_Test" name="clickAtPractice" time="2.214"/>
  <testcase classname="test.Browser_Windows_Test" name="clickAtAlertFrameWindow" time="5.255"/>
  <testcase classname="test.Browser_Windows_Test" name="clickAtBrowserWindow" time="0.34"/>
  <testcase classname="test.Browser_Windows_Test" name="clickAtNewTab" time="9.35"/>
  <testcase classname="test.Browser_Windows_Test" name="clickAtNewWindow" time="1.779"/>
  <testcase classname="test.Browser_Windows_Test" name="clickAtNewWindowMassage" time="0.594"/>
</testsuite> <!-- Browser_Windows_Test -->
