<?xml version="1.0" encoding="UTF-8"?>
<!-- Generated by org.testng.reporters.JUnitXMLReporter -->
<testsuite ignored="0" hostname="LAPTOP-FUN2M76R" failures="0" tests="7" name="ButtonTest" time="23.878" errors="0" timestamp="2025-02-09T16:07:33 IST">
  <testcase classname="test.ButtonTest" name="clickAtClose" time="3.24"/>
  <testcase classname="test.ButtonTest" name="clickAtPractice" time="2.765"/>
  <testcase classname="test.ButtonTest" name="clickAtElement" time="0.468"/>
  <testcase classname="test.ButtonTest" name="clickAtButtons" time="0.527"/>
  <testcase classname="test.ButtonTest" name="clickAtDoubleclick" time="0.45"/>
  <testcase classname="test.ButtonTest" name="clickAtRight" time="0.378"/>
  <testcase classname="test.ButtonTest" name="clickAtSnigleclick" time="0.844"/>
</testsuite> <!-- ButtonTest -->
