<?xml version="1.0" encoding="UTF-8"?>
<!-- Generated by org.testng.reporters.JUnitXMLReporter -->
<testsuite ignored="0" hostname="LAPTOP-FUN2M76R" failures="0" tests="7" name="CheckboxTest" time="13.319" errors="0" timestamp="2025-02-09T16:05:53 IST">
  <testcase classname="test.CheckboxTest" name="clickAtclose" time="2.162"/>
  <testcase classname="test.CheckboxTest" name="clickAtPractice" time="1.948"/>
  <testcase classname="test.CheckboxTest" name="clickAtElement" time="0.123"/>
  <testcase classname="test.CheckboxTest" name="clickAtCheckbox" time="0.174"/>
  <testcase classname="test.CheckboxTest" name="clickAtMobile" time="0.322"/>
  <testcase classname="test.CheckboxTest" name="clickAtLaptop" time="0.154"/>
  <testcase classname="test.CheckboxTest" name="clickAtdesktop" time="0.158"/>
</testsuite> <!-- CheckboxTest -->
