<?xml version="1.0" encoding="UTF-8"?>
<!-- Generated by org.testng.reporters.JUnitXMLReporter -->
<testsuite ignored="0" hostname="LAPTOP-FUN2M76R" failures="0" tests="6" name="DatePickerTest" time="26.606" errors="0" timestamp="2025-03-04T17:18:19 IST">
  <testcase classname="test.DatePickerTest" name="clickAtClose" time="0.35"/>
  <testcase classname="test.DatePickerTest" name="clickAtPractice" time="2.869"/>
  <testcase classname="test.DatePickerTest" name="clickAtWidget" time="1.499"/>
  <testcase classname="test.DatePickerTest" name="clickAtDatePicker" time="1.421"/>
  <testcase classname="test.DatePickerTest" name="clickAtDate" time="0.502"/>
  <testcase classname="test.DatePickerTest" name="clickAtDatetime" time="0.591"/>
</testsuite> <!-- DatePickerTest -->
