<?xml version="1.0" encoding="UTF-8"?>
<!-- Generated by org.testng.reporters.JUnitXMLReporter -->
<testsuite ignored="0" hostname="LAPTOP-FUN2M76R" failures="0" tests="6" name="DynamicProperties_Test" time="19.667" errors="0" timestamp="2025-02-09T16:06:43 IST">
  <testcase classname="test.DynamicProperties_Test" name="clickAtClose" time="0.29"/>
  <testcase classname="test.DynamicProperties_Test" name="clickAtPractice" time="2.053"/>
  <testcase classname="test.DynamicProperties_Test" name="clickAtElement" time="0.237"/>
  <testcase classname="test.DynamicProperties_Test" name="clickAtDynamicProperties" time="0.997"/>
  <testcase classname="test.DynamicProperties_Test" name="clickAtEnable" time="5.238"/>
  <testcase classname="test.DynamicProperties_Test" name="clickAtVisibleInFiveSecond" time="0.034"/>
</testsuite> <!-- DynamicProperties_Test -->
