<?xml version="1.0" encoding="UTF-8"?>
<!-- Generated by org.testng.reporters.JUnitXMLReporter -->
<testsuite ignored="0" hostname="LAPTOP-FUN2M76R" failures="0" tests="6" name="Frames_Test" time="20.455" errors="0" timestamp="2025-02-25T22:27:00 IST">
  <testcase classname="test.Frames_Test" name="clickAtClose" time="0.472"/>
  <testcase classname="test.Frames_Test" name="clickAtPractice" time="2.16"/>
  <testcase classname="test.Frames_Test" name="clickAtAlertFrameWindow" time="5.265"/>
  <testcase classname="test.Frames_Test" name="clickAtFrame" time="0.811"/>
  <testcase classname="test.Frames_Test" name="clickAtFrame1" time="0.432"/>
  <testcase classname="test.Frames_Test" name="clickAtFrame2" time="0.692"/>
</testsuite> <!-- Frames_Test -->
