<?xml version="1.0" encoding="UTF-8"?>
<!-- Generated by org.testng.reporters.JUnitXMLReporter -->
<testsuite ignored="1" hostname="LAPTOP-FUN2M76R" failures="0" tests="7" name="MenuTest" time="30.38" errors="0" timestamp="2025-03-23T13:08:48 IST">
  <testcase classname="test.MenuTest" name="clickAtClose" time="0.225"/>
  <testcase classname="test.MenuTest" name="clickAtPractice" time="2.279"/>
  <testcase classname="test.MenuTest" name="clickAtWidget" time="0.177"/>
  <testcase classname="test.MenuTest" name="clickAtMenu" time="0.76"/>
  <testcase classname="test.MenuTest" name="clickAtHomeAbout" time="3.366"/>
  <testcase classname="test.MenuTest" name="clickAtServices" time="10.366"/>
  <testcase classname="test.MenuTest" name="clickAtContact" time="0.168"/>
  <testcase classname="test.MenuTest" name="clickAtBlog" time="0.0">
    <ignored/>
  </testcase> <!-- clickAtBlog -->
</testsuite> <!-- MenuTest -->
