<?xml version="1.0" encoding="UTF-8"?>
<!-- Generated by org.testng.reporters.JUnitXMLReporter -->
<testsuite ignored="0" hostname="LAPTOP-FUN2M76R" failures="0" tests="6" name="Moadal_Dialogs_Test" time="14.267" errors="0" timestamp="2025-03-03T13:36:19 IST">
  <testcase classname="test.Moadal_Dialogs_Test" name="clickAtClose" time="0.232"/>
  <testcase classname="test.Moadal_Dialogs_Test" name="clickAtPractice" time="2.01"/>
  <testcase classname="test.Moadal_Dialogs_Test" name="clickAtAlertFrameWindow" time="0.314"/>
  <testcase classname="test.Moadal_Dialogs_Test" name="clickAtModalDialog" time="0.682"/>
  <testcase classname="test.Moadal_Dialogs_Test" name="clickAtSmallModal" time="2.321"/>
  <testcase classname="test.Moadal_Dialogs_Test" name="clickAtLargeModal" time="1.133"/>
</testsuite> <!-- Moadal_Dialogs_Test -->
