<?xml version="1.0" encoding="UTF-8"?>
<!-- Generated by org.testng.reporters.JUnitXMLReporter -->
<testsuite ignored="0" hostname="LAPTOP-FUN2M76R" failures="0" tests="5" name="Nested_Frames_Test" time="18.993" errors="0" timestamp="2025-02-25T22:56:10 IST">
  <testcase classname="test.Nested_Frames_Test" name="clickAtClose" time="0.319"/>
  <testcase classname="test.Nested_Frames_Test" name="clickAtPractice" time="2.128"/>
  <testcase classname="test.Nested_Frames_Test" name="clickAtAlertFrameWindow" time="5.282"/>
  <testcase classname="test.Nested_Frames_Test" name="clickAtNestedFrame" time="0.457"/>
  <testcase classname="test.Nested_Frames_Test" name="clickAtClick" time="1.276"/>
</testsuite> <!-- Nested_Frames_Test -->
