<?xml version="1.0" encoding="UTF-8"?>
<!-- Generated by org.testng.reporters.JUnitXMLReporter -->
<testsuite ignored="0" hostname="LAPTOP-FUN2M76R" failures="0" tests="5" name="ProgressBarTest" time="39.859" errors="0" timestamp="2025-03-04T16:31:29 IST">
  <testcase classname="test.ProgressBarTest" name="clickAtClose" time="0.371"/>
  <testcase classname="test.ProgressBarTest" name="clickAtPractice" time="3.132"/>
  <testcase classname="test.ProgressBarTest" name="clickAtWidgets" time="0.402"/>
  <testcase classname="test.ProgressBarTest" name="clickAtProgressbar" time="0.565"/>
  <testcase classname="test.ProgressBarTest" name="clickAtStart" time="3.718"/>
</testsuite> <!-- ProgressBarTest -->
