<?xml version="1.0" encoding="UTF-8"?>
<!-- Generated by org.testng.reporters.JUnitXMLReporter -->
<testsuite ignored="0" hostname="LAPTOP-FUN2M76R" failures="0" tests="7" name="RadiobuttonTest" time="15.494" errors="0" timestamp="2025-02-18T14:06:07 IST">
  <testcase classname="test.RadiobuttonTest" name="clickAtClose" time="0.514"/>
  <testcase classname="test.RadiobuttonTest" name="clcikAtPractice" time="1.664"/>
  <testcase classname="test.RadiobuttonTest" name="clickAtElement" time="0.345"/>
  <testcase classname="test.RadiobuttonTest" name="clickAtRadiobutton" time="0.364"/>
  <testcase classname="test.RadiobuttonTest" name="clickAtYesbutton" time="0.233"/>
  <testcase classname="test.RadiobuttonTest" name="clickAtImpressive" time="0.253"/>
  <testcase classname="test.RadiobuttonTest" name="clickAtNobutton" time="0.201"/>
</testsuite> <!-- RadiobuttonTest -->
