<?xml version="1.0" encoding="UTF-8"?>
<!-- Generated by org.testng.reporters.JUnitXMLReporter -->
<testsuite ignored="0" hostname="LAPTOP-FUN2M76R" failures="0" tests="7" name="RadiobuttonTest" time="22.79" errors="0" timestamp="2025-02-09T16:07:56 IST">
  <testcase classname="test.RadiobuttonTest" name="clickAtClose" time="0.639"/>
  <testcase classname="test.RadiobuttonTest" name="clcikAtPractice" time="4.922"/>
  <testcase classname="test.RadiobuttonTest" name="clickAtElement" time="0.158"/>
  <testcase classname="test.RadiobuttonTest" name="clickAtRadiobutton" time="0.435"/>
  <testcase classname="test.RadiobuttonTest" name="clickAtYesbutton" time="0.258"/>
  <testcase classname="test.RadiobuttonTest" name="clickAtImpressive" time="0.16"/>
  <testcase classname="test.RadiobuttonTest" name="clickAtNobutton" time="2.178"/>
</testsuite> <!-- RadiobuttonTest -->
