<?xml version="1.0" encoding="UTF-8"?>
<!-- Generated by org.testng.reporters.JUnitXMLReporter -->
<testsuite ignored="0" hostname="LAPTOP-FUN2M76R" failures="0" tests="5" name="SelectMenuTest" time="11.729" errors="0" timestamp="2025-03-23T12:06:18 IST">
  <testcase classname="test.SelectMenuTest" name="clickAtClose" time="0.219"/>
  <testcase classname="test.SelectMenuTest" name="clickAtPractice" time="2.029"/>
  <testcase classname="test.SelectMenuTest" name="clickAtWidget" time="0.417"/>
  <testcase classname="test.SelectMenuTest" name="clickAtSelectMenu" time="0.767"/>
  <testcase classname="test.SelectMenuTest" name="clickAtSelectValue" time="0.264"/>
</testsuite> <!-- SelectMenuTest -->
