<?xml version="1.0" encoding="UTF-8"?>
<!-- Generated by org.testng.reporters.JUnitXMLReporter -->
<testsuite ignored="0" hostname="LAPTOP-FUN2M76R" failures="0" tests="5" name="SliderTest" time="30.56" errors="0" timestamp="2025-03-04T16:18:29 IST">
  <testcase classname="test.SliderTest" name="clickAtClose" time="0.429"/>
  <testcase classname="test.SliderTest" name="clickAtPractice" time="2.87"/>
  <testcase classname="test.SliderTest" name="clickAtWidget" time="0.313"/>
  <testcase classname="test.SliderTest" name="clickAtSlider" time="0.562"/>
  <testcase classname="test.SliderTest" name="clickAtSliderbar" time="0.096"/>
</testsuite> <!-- SliderTest -->
