<?xml version="1.0" encoding="UTF-8"?>
<!-- Generated by org.testng.reporters.JUnitXMLReporter -->
<testsuite ignored="0" hostname="LAPTOP-FUN2M76R" failures="0" tests="7" name="TabsTest" time="22.814" errors="0" timestamp="2025-03-04T23:16:16 IST">
  <testcase classname="test.TabsTest" name="clickAtClose" time="0.284"/>
  <testcase classname="test.TabsTest" name="clickAtPractice" time="1.999"/>
  <testcase classname="test.TabsTest" name="clickAtWidgets" time="0.162"/>
  <testcase classname="test.TabsTest" name="clickAtTabs" time="0.712"/>
  <testcase classname="test.TabsTest" name="clickAtTabs1" time="3.216"/>
  <testcase classname="test.TabsTest" name="clickAtTabs2" time="3.25"/>
  <testcase classname="test.TabsTest" name="clickAtTabs3" time="2.201"/>
</testsuite> <!-- TabsTest -->
