<?xml version="1.0" encoding="UTF-8"?>
<!-- Generated by org.testng.reporters.JUnitXMLReporter -->
<testsuite ignored="0" hostname="LAPTOP-FUN2M76R" failures="0" tests="7" name="Test" time="16.857" errors="0" timestamp="2025-02-09T08:53:30 IST">
  <testcase classname="test.ButtonTest" name="clickAtClose" time="3.372"/>
  <testcase classname="test.ButtonTest" name="clickAtPractice" time="2.986"/>
  <testcase classname="test.ButtonTest" name="clickAtElement" time="0.283"/>
  <testcase classname="test.ButtonTest" name="clickAtButtons" time="0.374"/>
  <testcase classname="test.ButtonTest" name="clickAtDoubleclick" time="0.254"/>
  <testcase classname="test.ButtonTest" name="clickAtRight" time="0.253"/>
  <testcase classname="test.ButtonTest" name="clickAtSnigleclick" time="0.325"/>
</testsuite> <!-- Test -->
