<?xml version="1.0" encoding="UTF-8"?>
<!-- Generated by org.testng.reporters.JUnitXMLReporter -->
<testsuite ignored="0" hostname="LAPTOP-FUN2M76R" failures="0" tests="6" name="TextboxTest" time="11.951" errors="0" timestamp="2025-02-09T16:06:05 IST">
  <testcase classname="test.TextboxTest" name="clickAtClose" time="0.265"/>
  <testcase classname="test.TextboxTest" name="clickAtPractice" time="2.035"/>
  <testcase classname="test.TextboxTest" name="clickAtElement" time="0.266"/>
  <testcase classname="test.TextboxTest" name="clickAttextBox" time="0.311"/>
  <testcase classname="test.TextboxTest" name="clickAtFillDetails" time="2.415"/>
  <testcase classname="test.TextboxTest" name="clickAtVallidation" time="0.405"/>
</testsuite> <!-- TextboxTest -->
