<?xml version="1.0" encoding="UTF-8"?>
<!-- Generated by org.testng.reporters.JUnitXMLReporter -->
<testsuite ignored="0" hostname="LAPTOP-FUN2M76R" failures="0" tests="5" name="ToolTipsTest" time="15.477" errors="0" timestamp="2025-03-04T23:47:00 IST">
  <testcase classname="test.ToolTipsTest" name="clickAtClose" time="0.207"/>
  <testcase classname="test.ToolTipsTest" name="clickAtPractice" time="2.062"/>
  <testcase classname="test.ToolTipsTest" name="clickAtWidgets" time="0.161"/>
  <testcase classname="test.ToolTipsTest" name="clickAtHover1" time="3.077"/>
  <testcase classname="test.ToolTipsTest" name="clickAtHover2" time="3.007"/>
</testsuite> <!-- ToolTipsTest -->
