<?xml version="1.0" encoding="UTF-8"?>
<!-- Generated by org.testng.reporters.JUnitXMLReporter -->
<testsuite ignored="0" hostname="LAPTOP-FUN2M76R" failures="0" tests="5" name="UploadDownloadTest" time="18.261" errors="0" timestamp="2025-02-09T16:06:23 IST">
  <testcase classname="test.UploadDownloadTest" name="clickAtClose" time="4.799"/>
  <testcase classname="test.UploadDownloadTest" name="clickAtPractice" time="3.308"/>
  <testcase classname="test.UploadDownloadTest" name="clickAtElement" time="0.463"/>
  <testcase classname="test.UploadDownloadTest" name="clickAtUploadDownload" time="0.332"/>
  <testcase classname="test.UploadDownloadTest" name="clickAtUpload" time="1.712"/>
</testsuite> <!-- UploadDownloadTest -->
