<?xml version="1.0" encoding="UTF-8"?>
<!-- Generated by org.testng.reporters.JUnitXMLReporter -->
<testsuite ignored="0" hostname="LAPTOP-FUN2M76R" failures="0" tests="5" name="WebTableTest" time="25.526" errors="0" timestamp="2025-02-09T16:07:09 IST">
  <testcase classname="test.WebTableTest" name="clickAtClose" time="0.761"/>
  <testcase classname="test.WebTableTest" name="clickAtPractice" time="5.519"/>
  <testcase classname="test.WebTableTest" name="clickAtElement" time="0.136"/>
  <testcase classname="test.WebTableTest" name="clickAtWebtable" time="0.345"/>
  <testcase classname="test.WebTableTest" name="clickAtNameEmail" time="4.579"/>
</testsuite> <!-- WebTableTest -->
