<?xml version="1.0" encoding="UTF-8"?>
<!-- Generated by org.testng.reporters.JUnitXMLReporter -->
<testsuite ignored="0" hostname="LAPTOP-FUN2M76R" failures="0" tests="5" name="BrokenImage_Test" time="34.029" errors="0" timestamp="2025-02-12T23:45:06 IST">
  <testcase classname="test.BrokenImage_Test" name="clickAtclose" time="4.263"/>
  <testcase classname="test.BrokenImage_Test" name="clickAtPractice" time="3.058"/>
  <testcase classname="test.BrokenImage_Test" name="clickAtElement" time="0.419"/>
  <testcase classname="test.BrokenImage_Test" name="clickAtBrokenImage" time="0.97"/>
  <testcase classname="test.BrokenImage_Test" name="clickAtVerify" time="5.403"/>
</testsuite> <!-- BrokenImage_Test -->
