<?xml version="1.0" encoding="UTF-8"?>
<!-- Generated by org.testng.reporters.JUnitXMLReporter -->
<testsuite ignored="0" hostname="LAPTOP-FUN2M76R" failures="0" tests="7" name="ButtonTest" time="22.271" errors="0" timestamp="2025-02-12T23:43:58 IST">
  <testcase classname="test.ButtonTest" name="clickAtClose" time="6.125"/>
  <testcase classname="test.ButtonTest" name="clickAtPractice" time="3.208"/>
  <testcase classname="test.ButtonTest" name="clickAtElement" time="0.209"/>
  <testcase classname="test.ButtonTest" name="clickAtButtons" time="1.375"/>
  <testcase classname="test.ButtonTest" name="clickAtDoubleclick" time="5.127"/>
  <testcase classname="test.ButtonTest" name="clickAtRight" time="0.248"/>
  <testcase classname="test.ButtonTest" name="clickAtSnigleclick" time="0.222"/>
</testsuite> <!-- ButtonTest -->
