<?xml version="1.0" encoding="UTF-8"?>
<!-- Generated by org.testng.reporters.JUnitXMLReporter -->
<testsuite ignored="0" hostname="LAPTOP-FUN2M76R" failures="0" tests="5" name="WebTableTest" time="20.979" errors="0" timestamp="2025-02-12T23:43:35 IST">
  <testcase classname="test.WebTableTest" name="clickAtClose" time="0.481"/>
  <testcase classname="test.WebTableTest" name="clickAtPractice" time="5.256"/>
  <testcase classname="test.WebTableTest" name="clickAtElement" time="0.105"/>
  <testcase classname="test.WebTableTest" name="clickAtWebtable" time="0.29"/>
  <testcase classname="test.WebTableTest" name="clickAtNameEmail" time="6.666"/>
</testsuite> <!-- WebTableTest -->
