<?xml version="1.0" encoding="UTF-8"?>
<testsuite xmlns:xsi="http://www.w3.org/2001/XMLSchema-instance" xsi:noNamespaceSchemaLocation="https://maven.apache.org/surefire/maven-surefire-plugin/xsd/surefire-test-report-3.0.xsd" version="3.0" name="TestSuite" time="112.694" tests="24" errors="0" skipped="0" failures="0">
  <properties>
[...]
</properties>
  <testcase name="clickAtClose" classname="test.WebTableTest" time="0.528">
    <system-err><![CDATA[SLF4J(W): No SLF4J providers were found.
SLF4J(W): Defaulting to no-operation (NOP) logger implementation
SLF4J(W): See https://www.slf4j.org/codes.html#noProviders for further details.
Feb 12, 2025 11:43:18 PM org.openqa.selenium.devtools.CdpVersionFinder findNearestMatch
WARNING: Unable to find an exact match for CDP version 132, returning the closest version; found: 131; Please update to a Selenium version that supports CDP version 132
]]></system-err>
  </testcase>
  <testcase name="clickAtPractice" classname="test.WebTableTest" time="5.171"/>
  <testcase name="clickAtElement" classname="test.WebTableTest" time="0.105"/>
  <testcase name="clickAtWebtable" classname="test.WebTableTest" time="0.292"/>
  <testcase name="clickAtNameEmail" classname="test.WebTableTest" time="6.664">
    <system-out><![CDATA[2025-02-12T18:13:29.406912400Z main ERROR Log4j2 could not find a logging implementation. Please add log4j-core to the classpath. Using SimpleLogger to log to the console...
]]></system-out>
  </testcase>
  <testcase name="clickAtClose" classname="test.ButtonTest" time="6.131">
    <system-err><![CDATA[Feb 12, 2025 11:43:37 PM org.openqa.selenium.devtools.CdpVersionFinder findNearestMatch
WARNING: Unable to find an exact match for CDP version 132, returning the closest version; found: 131; Please update to a Selenium version that supports CDP version 132
]]></system-err>
  </testcase>
  <testcase name="clickAtPractice" classname="test.ButtonTest" time="3.191"/>
  <testcase name="clickAtElement" classname="test.ButtonTest" time="0.21"/>
  <testcase name="clickAtButtons" classname="test.ButtonTest" time="2.226"/>
  <testcase name="clickAtDoubleclick" classname="test.ButtonTest" time="4.278"/>
  <testcase name="clickAtRight" classname="test.ButtonTest" time="0.246"/>
  <testcase name="clickAtSnigleclick" classname="test.ButtonTest" time="0.225"/>
  <testcase name="clickAtClose" classname="test.RadiobuttonTest" time="1.38">
    <system-err><![CDATA[Feb 12, 2025 11:44:02 PM org.openqa.selenium.devtools.CdpVersionFinder findNearestMatch
WARNING: Unable to find an exact match for CDP version 132, returning the closest version; found: 131; Please update to a Selenium version that supports CDP version 132
]]></system-err>
  </testcase>
  <testcase name="clcikAtPractice" classname="test.RadiobuttonTest" time="8.934"/>
  <testcase name="clickAtElement" classname="test.RadiobuttonTest" time="1.09"/>
  <testcase name="clickAtRadiobutton" classname="test.RadiobuttonTest" time="3.604"/>
  <testcase name="clickAtYesbutton" classname="test.RadiobuttonTest" time="0.516"/>
  <testcase name="clickAtImpressive" classname="test.RadiobuttonTest" time="0.667"/>
  <testcase name="clickAtNobutton" classname="test.RadiobuttonTest" time="0.422"/>
  <testcase name="clickAtclose" classname="test.BrokenImage_Test" time="4.643">
    <system-err><![CDATA[Feb 12, 2025 11:44:45 PM org.openqa.selenium.devtools.CdpVersionFinder findNearestMatch
WARNING: Unable to find an exact match for CDP version 132, returning the closest version; found: 131; Please update to a Selenium version that supports CDP version 132
]]></system-err>
  </testcase>
  <testcase name="clickAtPractice" classname="test.BrokenImage_Test" time="2.993"/>
  <testcase name="clickAtElement" classname="test.BrokenImage_Test" time="0.418"/>
  <testcase name="clickAtBrokenImage" classname="test.BrokenImage_Test" time="0.971"/>
  <testcase name="clickAtVerify" classname="test.BrokenImage_Test" time="5.398">
    <system-out><![CDATA[ all image links are here below 
https://1.bp.blogspot.com/-fTw4dtPt7Dw/YFnwhTq_YxI/AAAAAAAAA9A/_gMTW6g2uOIX2tbsFEPbhIZxm8VdBtZFgCLcBGAsYHQ/s0/icon-1.png
Link is Okay 
https://1.bp.blogspot.com/-j-mud0TyoSQ/YFnwhay-GrI/AAAAAAAAA9I/uaJOd-magkMFg8GVF6U-BF6CpI9S3rqHACLcBGAsYHQ/s0/icon-3.png
Link is Okay 
https://1.bp.blogspot.com/-KeTmtfTeNKI/YFnwiEGszJI/AAAAAAAAA9M/YMdrgqATdjQTK78ikWYYcJheVUXqKfiPgCLcBGAsYHQ/s0/icon-4.png
Link is Okay 
https://1.bp.blogspot.com/-ufOjMgCsW98/YFnwiqGJsZI/AAAAAAAAA9Q/J5TfUPkcSPcS9d4JYWf62xkIrG22f3iwgCLcBGAsYHQ/s0/icon-5.png
Link is Okay 
https://testingbaba.com/old/images/te4.jpg
Link is Okay 
https://testingbaba.com/old/newdemo.html#
Link is Okay 
]]></system-out>
  </testcase>
</testsuite>