<?xml version="1.0" encoding="UTF-8"?>
<testng-results ignored="0" total="5" passed="5" failed="0" skipped="0">
  <reporter-output>
  </reporter-output>
  <suite started-at="2025-01-30T17:26:07 IST" name="Default suite" finished-at="2025-01-30T17:26:18 IST" duration-ms="11321">
    <groups>
    </groups>
    <test started-at="2025-01-30T17:26:07 IST" name="Default test" finished-at="2025-01-30T17:26:18 IST" duration-ms="11321">
      <class name="test.UploadDownloadTest">
        <test-method is-config="true" signature="launcher()[pri:0, instance:test.UploadDownloadTest@9597028]" started-at="2025-01-30T17:26:07 IST" name="launcher" finished-at="2025-01-30T17:26:15 IST" duration-ms="7629" status="PASS">
          <reporter-output>
          </reporter-output>
        </test-method> <!-- launcher -->
        <test-method signature="clickAtClose()[pri:1, instance:test.UploadDownloadTest@9597028]" started-at="2025-01-30T17:26:15 IST" name="clickAtClose" finished-at="2025-01-30T17:26:15 IST" duration-ms="349" status="PASS">
          <reporter-output>
          </reporter-output>
        </test-method> <!-- clickAtClose -->
        <test-method signature="clickAtPractice()[pri:2, instance:test.UploadDownloadTest@9597028]" started-at="2025-01-30T17:26:15 IST" name="clickAtPractice" finished-at="2025-01-30T17:26:17 IST" duration-ms="2095" status="PASS">
          <reporter-output>
          </reporter-output>
        </test-method> <!-- clickAtPractice -->
        <test-method signature="clickAtElement()[pri:3, instance:test.UploadDownloadTest@9597028]" started-at="2025-01-30T17:26:17 IST" name="clickAtElement" finished-at="2025-01-30T17:26:17 IST" duration-ms="168" status="PASS">
          <reporter-output>
          </reporter-output>
        </test-method> <!-- clickAtElement -->
        <test-method signature="clickAtUploadDownload()[pri:4, instance:test.UploadDownloadTest@9597028]" started-at="2025-01-30T17:26:17 IST" name="clickAtUploadDownload" finished-at="2025-01-30T17:26:18 IST" duration-ms="762" status="PASS">
          <reporter-output>
          </reporter-output>
        </test-method> <!-- clickAtUploadDownload -->
        <test-method signature="clickAtUpload()[pri:5, instance:test.UploadDownloadTest@9597028]" started-at="2025-01-30T17:26:18 IST" name="clickAtUpload" finished-at="2025-01-30T17:26:18 IST" duration-ms="230" status="PASS">
          <reporter-output>
          </reporter-output>
        </test-method> <!-- clickAtUpload -->
      </class> <!-- test.UploadDownloadTest -->
    </test> <!-- Default test -->
  </suite> <!-- Default suite -->
</testng-results>
