<?xml version="1.0" encoding="UTF-8"?>
<testng-results ignored="0" total="5" passed="5" failed="0" skipped="0">
  <reporter-output>
  </reporter-output>
  <suite started-at="2025-03-04T23:46:45 IST" name="Suite" finished-at="2025-03-04T23:47:00 IST" duration-ms="15477">
    <groups>
      <group name="smoke">
        <method signature="ToolTipsTest.clickAtClose()[pri:1, instance:test.ToolTipsTest@35e2d654]" name="clickAtClose" class="test.ToolTipsTest"/>
        <method signature="ToolTipsTest.clickAtHover1()[pri:4, instance:test.ToolTipsTest@35e2d654]" name="clickAtHover1" class="test.ToolTipsTest"/>
        <method signature="ToolTipsTest.clickAtHover2()[pri:5, instance:test.ToolTipsTest@35e2d654]" name="clickAtHover2" class="test.ToolTipsTest"/>
        <method signature="ToolTipsTest.clickAtPractice()[pri:2, instance:test.ToolTipsTest@35e2d654]" name="clickAtPractice" class="test.ToolTipsTest"/>
        <method signature="ToolTipsTest.clickAtWidgets()[pri:3, instance:test.ToolTipsTest@35e2d654]" name="clickAtWidgets" class="test.ToolTipsTest"/>
      </group> <!-- smoke -->
    </groups>
    <test started-at="2025-03-04T23:46:45 IST" name="ToolTipsTest" finished-at="2025-03-04T23:47:00 IST" duration-ms="15477">
      <class name="test.ToolTipsTest">
        <test-method is-config="true" signature="launcher(java.lang.String)[pri:0, instance:test.ToolTipsTest@35e2d654]" started-at="2025-03-04T23:46:45 IST" name="launcher" finished-at="2025-03-04T23:46:52 IST" duration-ms="6899" status="PASS">
          <params>
            <param index="0">
              <value>
                <![CDATA[chrome]]>
              </value>
            </param>
          </params>
          <reporter-output>
          </reporter-output>
        </test-method> <!-- launcher -->
        <test-method signature="clickAtClose()[pri:1, instance:test.ToolTipsTest@35e2d654]" started-at="2025-03-04T23:46:52 IST" name="clickAtClose" finished-at="2025-03-04T23:46:52 IST" duration-ms="207" status="PASS">
          <reporter-output>
          </reporter-output>
        </test-method> <!-- clickAtClose -->
        <test-method signature="clickAtPractice()[pri:2, instance:test.ToolTipsTest@35e2d654]" started-at="2025-03-04T23:46:52 IST" name="clickAtPractice" finished-at="2025-03-04T23:46:54 IST" duration-ms="2062" status="PASS">
          <reporter-output>
          </reporter-output>
        </test-method> <!-- clickAtPractice -->
        <test-method signature="clickAtWidgets()[pri:3, instance:test.ToolTipsTest@35e2d654]" started-at="2025-03-04T23:46:54 IST" name="clickAtWidgets" finished-at="2025-03-04T23:46:54 IST" duration-ms="161" status="PASS">
          <reporter-output>
          </reporter-output>
        </test-method> <!-- clickAtWidgets -->
        <test-method signature="clickAtHover1()[pri:4, instance:test.ToolTipsTest@35e2d654]" started-at="2025-03-04T23:46:54 IST" name="clickAtHover1" finished-at="2025-03-04T23:46:57 IST" duration-ms="3077" status="PASS">
          <reporter-output>
          </reporter-output>
        </test-method> <!-- clickAtHover1 -->
        <test-method signature="clickAtHover2()[pri:5, instance:test.ToolTipsTest@35e2d654]" started-at="2025-03-04T23:46:57 IST" name="clickAtHover2" finished-at="2025-03-04T23:47:00 IST" duration-ms="3007" status="PASS">
          <reporter-output>
          </reporter-output>
        </test-method> <!-- clickAtHover2 -->
      </class> <!-- test.ToolTipsTest -->
    </test> <!-- ToolTipsTest -->
  </suite> <!-- Suite -->
</testng-results>
